<?xml version="1.0" encoding="UTF-8"?>
<!-- Generated by org.testng.reporters.JUnitXMLReporter -->
<testsuite ignored="0" hostname="LAPTOP-0LVDC1NH" failures="1" tests="7" name="Ecommerce application Sanity test" time="76.854" errors="0" timestamp="2020-06-29T15:28:52 CDT">
  <testcase classname="com.ecom.qa.testcases.HomePageTest" name="validatehomepagetitleTest" time="0.013"/>
  <testcase classname="com.ecom.qa.testcases.HomePageTest" name="clickonTshortImage" time="0.582"/>
  <testcase classname="com.ecom.qa.testcases.LoginPageTest" name="LoginPageTitleTest" time="0.012"/>
  <testcase classname="com.ecom.qa.testcases.LoginPageTest" name="logoImageTest" time="0.056"/>
  <testcase classname="com.ecom.qa.testcases.LoginPageTest" name="loginTest" time="2.302"/>
  <testcase classname="com.ecom.qa.testcases.OrderConformationPageTest" name="VerifyOrderConformationTextTest" time="0.002">
    <failure type="java.lang.NullPointerException">
      <![CDATA[java.lang.NullPointerException
at com.ecom.qa.pages.OrderConfirmationPage.ValidateOrderConformationText(OrderConfirmationPage.java:22)
at com.ecom.qa.testcases.OrderConformationPageTest.VerifyOrderConformationTextTest(OrderConformationPageTest.java:72)
at java.base/java.util.ArrayList.forEach(ArrayList.java:1507)
... Removed 27 stack frames]]>
    </failure>
  </testcase> <!-- VerifyOrderConformationTextTest -->
  <testcase classname="com.ecom.qa.testcases.OrderConformationPageTest" name="VerifyOrderConformationTitlePageTest" time="0.009"/>
</testsuite> <!-- Ecommerce application Sanity test -->
