<?xml version="1.0" encoding="UTF-8"?>
<!-- Generated by org.testng.reporters.JUnitXMLReporter -->
<testsuite ignored="0" hostname="LAPTOP-0LVDC1NH" failures="1" tests="11" name="Ecommerce application test" time="128.59" errors="0" timestamp="2020-06-28T22:43:52 CDT">
  <testcase classname="com.ecom.qa.testcases.HomePageTest" name="validatehomepagetitleTest" time="0.012"/>
  <testcase classname="com.ecom.qa.testcases.HomePageTest" name="clickonTshortImage" time="0.584"/>
  <testcase classname="com.ecom.qa.testcases.LoginPageTest" name="LoginPageTitleTest" time="0.01"/>
  <testcase classname="com.ecom.qa.testcases.LoginPageTest" name="logoImageTest" time="0.054"/>
  <testcase classname="com.ecom.qa.testcases.LoginPageTest" name="loginTest" time="1.847"/>
  <testcase classname="com.ecom.qa.testcases.MyAccountPageTest" name="verifyOrderpagetitleTest" time="0.008"/>
  <testcase classname="com.ecom.qa.testcases.MyAccountPageTest" name="verifyUserNameTest" time="0.031"/>
  <testcase classname="com.ecom.qa.testcases.MyAccountPageTest" name="verifyOrderHistoryLinkTest" time="0.922"/>
  <testcase classname="com.ecom.qa.testcases.MyAccountPageTest" name="verifyHomelinkTest" time="1.803"/>
  <testcase classname="com.ecom.qa.testcases.OrderConformationPageTest" name="VerifyOrderConformationTextTest" time="0.001">
    <failure type="java.lang.NullPointerException">
      <![CDATA[java.lang.NullPointerException
at com.ecom.qa.pages.OrderConfirmationPage.ValidateOrderConformationText(OrderConfirmationPage.java:22)
at com.ecom.qa.testcases.OrderConformationPageTest.VerifyOrderConformationTextTest(OrderConformationPageTest.java:72)
at java.base/java.util.ArrayList.forEach(ArrayList.java:1507)
... Removed 27 stack frames]]>
    </failure>
  </testcase> <!-- VerifyOrderConformationTextTest -->
  <testcase classname="com.ecom.qa.testcases.OrderConformationPageTest" name="VerifyOrderConformationTitlePageTest" time="0.007"/>
</testsuite> <!-- Ecommerce application test -->
