<?xml version="1.0" encoding="UTF-8"?>
<testng-results ignored="0" total="7" passed="6" failed="1" skipped="0">
  <reporter-output>
  </reporter-output>
  <suite started-at="2020-06-29T15:27:35 CDT" name="Ecommerce Application Test Automation Sanity Test Suite" finished-at="2020-06-29T15:28:52 CDT" duration-ms="76854">
    <groups>
    </groups>
    <test started-at="2020-06-29T15:27:35 CDT" name="Ecommerce application Sanity test" finished-at="2020-06-29T15:28:52 CDT" duration-ms="76854">
      <class name="com.ecom.qa.testcases.HomePageTest">
        <test-method is-config="true" signature="setUp()[pri:0, instance:com.ecom.qa.testcases.HomePageTest@5a63f509]" started-at="2020-06-29T15:27:35 CDT" name="setUp" finished-at="2020-06-29T15:27:46 CDT" duration-ms="11001" status="PASS">
          <reporter-output>
          </reporter-output>
        </test-method> <!-- setUp -->
        <test-method signature="validatehomepagetitleTest()[pri:1, instance:com.ecom.qa.testcases.HomePageTest@5a63f509]" started-at="2020-06-29T15:27:46 CDT" name="validatehomepagetitleTest" finished-at="2020-06-29T15:27:46 CDT" duration-ms="13" status="PASS">
          <reporter-output>
          </reporter-output>
        </test-method> <!-- validatehomepagetitleTest -->
        <test-method is-config="true" signature="teardown()[pri:0, instance:com.ecom.qa.testcases.HomePageTest@5a63f509]" started-at="2020-06-29T15:27:46 CDT" name="teardown" finished-at="2020-06-29T15:27:47 CDT" duration-ms="660" status="PASS">
          <reporter-output>
          </reporter-output>
        </test-method> <!-- teardown -->
        <test-method is-config="true" signature="setUp()[pri:0, instance:com.ecom.qa.testcases.HomePageTest@5a63f509]" started-at="2020-06-29T15:27:47 CDT" name="setUp" finished-at="2020-06-29T15:27:55 CDT" duration-ms="8774" status="PASS">
          <reporter-output>
          </reporter-output>
        </test-method> <!-- setUp -->
        <test-method signature="clickonTshortImage()[pri:2, instance:com.ecom.qa.testcases.HomePageTest@5a63f509]" started-at="2020-06-29T15:27:55 CDT" name="clickonTshortImage" finished-at="2020-06-29T15:27:56 CDT" duration-ms="582" status="PASS">
          <reporter-output>
          </reporter-output>
        </test-method> <!-- clickonTshortImage -->
        <test-method is-config="true" signature="teardown()[pri:0, instance:com.ecom.qa.testcases.HomePageTest@5a63f509]" started-at="2020-06-29T15:27:56 CDT" name="teardown" finished-at="2020-06-29T15:27:57 CDT" duration-ms="721" status="PASS">
          <reporter-output>
          </reporter-output>
        </test-method> <!-- teardown -->
      </class> <!-- com.ecom.qa.testcases.HomePageTest -->
      <class name="com.ecom.qa.testcases.LoginPageTest">
        <test-method is-config="true" signature="setUp()[pri:0, instance:com.ecom.qa.testcases.LoginPageTest@6e4784bc]" started-at="2020-06-29T15:27:57 CDT" name="setUp" finished-at="2020-06-29T15:28:01 CDT" duration-ms="4847" status="PASS">
          <reporter-output>
          </reporter-output>
        </test-method> <!-- setUp -->
        <test-method signature="LoginPageTitleTest()[pri:1, instance:com.ecom.qa.testcases.LoginPageTest@6e4784bc]" started-at="2020-06-29T15:28:01 CDT" name="LoginPageTitleTest" finished-at="2020-06-29T15:28:01 CDT" duration-ms="12" status="PASS">
          <reporter-output>
          </reporter-output>
        </test-method> <!-- LoginPageTitleTest -->
        <test-method is-config="true" signature="teardown()[pri:0, instance:com.ecom.qa.testcases.LoginPageTest@6e4784bc]" started-at="2020-06-29T15:28:01 CDT" name="teardown" finished-at="2020-06-29T15:28:02 CDT" duration-ms="622" status="PASS">
          <reporter-output>
          </reporter-output>
        </test-method> <!-- teardown -->
        <test-method is-config="true" signature="setUp()[pri:0, instance:com.ecom.qa.testcases.LoginPageTest@6e4784bc]" started-at="2020-06-29T15:28:02 CDT" name="setUp" finished-at="2020-06-29T15:28:07 CDT" duration-ms="4942" status="PASS">
          <reporter-output>
          </reporter-output>
        </test-method> <!-- setUp -->
        <test-method signature="logoImageTest()[pri:2, instance:com.ecom.qa.testcases.LoginPageTest@6e4784bc]" started-at="2020-06-29T15:28:07 CDT" name="logoImageTest" finished-at="2020-06-29T15:28:07 CDT" duration-ms="56" status="PASS">
          <reporter-output>
          </reporter-output>
        </test-method> <!-- logoImageTest -->
        <test-method is-config="true" signature="teardown()[pri:0, instance:com.ecom.qa.testcases.LoginPageTest@6e4784bc]" started-at="2020-06-29T15:28:07 CDT" name="teardown" finished-at="2020-06-29T15:28:08 CDT" duration-ms="625" status="PASS">
          <reporter-output>
          </reporter-output>
        </test-method> <!-- teardown -->
        <test-method is-config="true" signature="setUp()[pri:0, instance:com.ecom.qa.testcases.LoginPageTest@6e4784bc]" started-at="2020-06-29T15:28:08 CDT" name="setUp" finished-at="2020-06-29T15:28:14 CDT" duration-ms="5976" status="PASS">
          <reporter-output>
          </reporter-output>
        </test-method> <!-- setUp -->
        <test-method signature="loginTest()[pri:3, instance:com.ecom.qa.testcases.LoginPageTest@6e4784bc]" started-at="2020-06-29T15:28:14 CDT" name="loginTest" finished-at="2020-06-29T15:28:16 CDT" duration-ms="2302" status="PASS">
          <reporter-output>
          </reporter-output>
        </test-method> <!-- loginTest -->
        <test-method is-config="true" signature="teardown()[pri:0, instance:com.ecom.qa.testcases.LoginPageTest@6e4784bc]" started-at="2020-06-29T15:28:16 CDT" name="teardown" finished-at="2020-06-29T15:28:17 CDT" duration-ms="630" status="PASS">
          <reporter-output>
          </reporter-output>
        </test-method> <!-- teardown -->
      </class> <!-- com.ecom.qa.testcases.LoginPageTest -->
      <class name="com.ecom.qa.testcases.OrderConformationPageTest">
        <test-method is-config="true" signature="setUp()[pri:0, instance:com.ecom.qa.testcases.OrderConformationPageTest@34b7ac2f]" started-at="2020-06-29T15:28:17 CDT" name="setUp" finished-at="2020-06-29T15:28:35 CDT" duration-ms="18539" status="PASS">
          <reporter-output>
          </reporter-output>
        </test-method> <!-- setUp -->
        <test-method signature="VerifyOrderConformationTextTest()[pri:0, instance:com.ecom.qa.testcases.OrderConformationPageTest@34b7ac2f]" started-at="2020-06-29T15:28:35 CDT" name="VerifyOrderConformationTextTest" finished-at="2020-06-29T15:28:35 CDT" duration-ms="2" status="FAIL">
          <exception class="java.lang.NullPointerException">
            <full-stacktrace>
              <![CDATA[java.lang.NullPointerException
at com.ecom.qa.pages.OrderConfirmationPage.ValidateOrderConformationText(OrderConfirmationPage.java:22)
at com.ecom.qa.testcases.OrderConformationPageTest.VerifyOrderConformationTextTest(OrderConformationPageTest.java:72)
at java.base/jdk.internal.reflect.NativeMethodAccessorImpl.invoke0(Native Method)
at java.base/jdk.internal.reflect.NativeMethodAccessorImpl.invoke(NativeMethodAccessorImpl.java:62)
at java.base/jdk.internal.reflect.DelegatingMethodAccessorImpl.invoke(DelegatingMethodAccessorImpl.java:43)
at java.base/java.lang.reflect.Method.invoke(Method.java:567)
at org.testng.internal.MethodInvocationHelper.invokeMethod(MethodInvocationHelper.java:134)
at org.testng.internal.TestInvoker.invokeMethod(TestInvoker.java:597)
at org.testng.internal.TestInvoker.invokeTestMethod(TestInvoker.java:173)
at org.testng.internal.MethodRunner.runInSequence(MethodRunner.java:46)
at org.testng.internal.TestInvoker$MethodInvocationAgent.invoke(TestInvoker.java:816)
at org.testng.internal.TestInvoker.invokeTestMethods(TestInvoker.java:146)
at org.testng.internal.TestMethodWorker.invokeTestMethods(TestMethodWorker.java:146)
at org.testng.internal.TestMethodWorker.run(TestMethodWorker.java:128)
at java.base/java.util.ArrayList.forEach(ArrayList.java:1507)
at org.testng.TestRunner.privateRun(TestRunner.java:766)
at org.testng.TestRunner.run(TestRunner.java:587)
at org.testng.SuiteRunner.runTest(SuiteRunner.java:384)
at org.testng.SuiteRunner.runSequentially(SuiteRunner.java:378)
at org.testng.SuiteRunner.privateRun(SuiteRunner.java:337)
at org.testng.SuiteRunner.run(SuiteRunner.java:286)
at org.testng.SuiteRunnerWorker.runSuite(SuiteRunnerWorker.java:53)
at org.testng.SuiteRunnerWorker.run(SuiteRunnerWorker.java:96)
at org.testng.TestNG.runSuitesSequentially(TestNG.java:1187)
at org.testng.TestNG.runSuitesLocally(TestNG.java:1109)
at org.testng.TestNG.runSuites(TestNG.java:1039)
at org.testng.TestNG.run(TestNG.java:1007)
at org.testng.remote.AbstractRemoteTestNG.run(AbstractRemoteTestNG.java:115)
at org.testng.remote.RemoteTestNG.initAndRun(RemoteTestNG.java:251)
at org.testng.remote.RemoteTestNG.main(RemoteTestNG.java:77)
]]>
            </full-stacktrace>
          </exception> <!-- java.lang.NullPointerException -->
          <reporter-output>
          </reporter-output>
        </test-method> <!-- VerifyOrderConformationTextTest -->
        <test-method is-config="true" signature="setUp()[pri:0, instance:com.ecom.qa.testcases.OrderConformationPageTest@34b7ac2f]" started-at="2020-06-29T15:28:35 CDT" name="setUp" finished-at="2020-06-29T15:28:52 CDT" duration-ms="16489" status="PASS">
          <reporter-output>
          </reporter-output>
        </test-method> <!-- setUp -->
        <test-method signature="VerifyOrderConformationTitlePageTest()[pri:0, instance:com.ecom.qa.testcases.OrderConformationPageTest@34b7ac2f]" started-at="2020-06-29T15:28:52 CDT" name="VerifyOrderConformationTitlePageTest" finished-at="2020-06-29T15:28:52 CDT" duration-ms="9" status="PASS">
          <reporter-output>
          </reporter-output>
        </test-method> <!-- VerifyOrderConformationTitlePageTest -->
      </class> <!-- com.ecom.qa.testcases.OrderConformationPageTest -->
    </test> <!-- Ecommerce application Sanity test -->
  </suite> <!-- Ecommerce Application Test Automation Sanity Test Suite -->
</testng-results>
